Compiling the C compiler identification source file "CMakeCCompilerId.c" failed.
Compiler: /Applications/Xcode.app/Contents/Developer/Toolchains/XcodeDefault.xctoolchain/usr/bin/cc 
Build flags: 
Id flags:  

The output was:
1
ld: library not found for -lSystem
clang: error: linker command failed with exit code 1 (use -v to see invocation)


Compiling the CXX compiler identification source file "CMakeCXXCompilerId.cpp" failed.
Compiler: /Applications/Xcode.app/Contents/Developer/Toolchains/XcodeDefault.xctoolchain/usr/bin/c++ 
Build flags: 
Id flags:  

The output was:
1
ld: library not found for -lc++
clang: error: linker command failed with exit code 1 (use -v to see invocation)


Performing C++ SOURCE FILE Test flag_supported failed with the following output:
Change Dir: /Users/andrew/Documents/CGRT/FIreInCube/build/CMakeFiles/CMakeTmp

Run Build Command(s):/usr/bin/make cmTC_673bc/fast && /Applications/Xcode.app/Contents/Developer/usr/bin/make  -f CMakeFiles/cmTC_673bc.dir/build.make CMakeFiles/cmTC_673bc.dir/build
Building CXX object CMakeFiles/cmTC_673bc.dir/src.cxx.o
/Applications/Xcode.app/Contents/Developer/Toolchains/XcodeDefault.xctoolchain/usr/bin/c++ -Dflag_supported  -Wall -Wextra -pedantic -std=c++11 -O3  -isysroot /Applications/Xcode.app/Contents/Developer/Platforms/MacOSX.platform/Developer/SDKs/MacOSX11.1.sdk   -fopenmp -o CMakeFiles/cmTC_673bc.dir/src.cxx.o -c /Users/andrew/Documents/CGRT/FIreInCube/build/CMakeFiles/CMakeTmp/src.cxx
clang: error: unsupported option '-fopenmp'
make[1]: *** [CMakeFiles/cmTC_673bc.dir/src.cxx.o] Error 1
make: *** [cmTC_673bc/fast] Error 2


Source file was:
int main() { return 0; }
